<?xml version="1.0" encoding="UTF-8"?>
<!-- Generated by org.testng.reporters.JUnitReportReporter -->
<testsuite hostname="DESKTOP-SSUFFAA" failures="0" tests="10" name="tests.BookstoreAdditionalScenarios" time="0.633" errors="0" timestamp="2025-06-05T14:55:09 IST" skipped="0">
  <testcase classname="tests.BookstoreAdditionalScenarios" name="testCreateBook" time="0.290"/>
  <testcase classname="tests.BookstoreAdditionalScenarios" name="testGetAllBooks" time="0.057"/>
  <testcase classname="tests.BookstoreAdditionalScenarios" name="testGetBookById" time="0.054"/>
  <testcase classname="tests.BookstoreAdditionalScenarios" name="testUpdateBook" time="0.057"/>
  <testcase classname="tests.BookstoreAdditionalScenarios" name="testDeleteBook" time="0.046"/>
  <testcase classname="tests.BookstoreAdditionalScenarios" name="testUnauthorizedCreateBook" time="0.020"/>
  <testcase classname="tests.BookstoreAdditionalScenarios" name="testCreateBookWithMissingFields" time="0.021"/>
  <testcase classname="tests.BookstoreAdditionalScenarios" name="testGetBookByInvalidId" time="0.023"/>
  <testcase classname="tests.BookstoreAdditionalScenarios" name="testDeleteBookTwice" time="0.045"/>
  <testcase classname="tests.BookstoreAdditionalScenarios" name="testUpdateBookWithInvalidData" time="0.020"/>
</testsuite> <!-- tests.BookstoreAdditionalScenarios -->
