<?xml version="1.0" encoding="UTF-8"?>
<!-- Generated by org.testng.reporters.JUnitReportReporter -->
<testsuite hostname="DESKTOP-SSUFFAA" failures="0" tests="1" name="tests.PutPatchDeleteExample" time="3.327" errors="0" timestamp="2025-05-30T16:52:02 IST" skipped="0">
  <testcase classname="tests.PutPatchDeleteExample" name="testDelete" time="3.327"/>
</testsuite> <!-- tests.PutPatchDeleteExample -->
