<?xml version="1.0" encoding="UTF-8"?>
<!-- Generated by org.testng.reporters.JUnitReportReporter -->
<testsuite hostname="DESKTOP-SSUFFAA" failures="0" tests="1" name="tests.UserSignupTest" time="3.633" errors="0" timestamp="2025-06-04T19:27:53 IST" skipped="0">
  <testcase classname="tests.UserSignupTest" name="testSignupAndLogin" time="3.633"/>
</testsuite> <!-- tests.UserSignupTest -->
