<?xml version="1.0" encoding="UTF-8"?>
<!-- Generated by org.testng.reporters.JUnitReportReporter -->
<testsuite hostname="DESKTOP-SSUFFAA" failures="0" tests="5" name="tests.BookStoreEndToEndFlow" time="0.382" errors="0" timestamp="2025-06-04T20:01:32 IST" skipped="0">
  <testcase classname="tests.BookStoreEndToEndFlow" name="testCreateBook" time="0.181"/>
  <testcase classname="tests.BookStoreEndToEndFlow" name="testGetAllBooks" time="0.071"/>
  <testcase classname="tests.BookStoreEndToEndFlow" name="testFindBookById" time="0.051"/>
  <testcase classname="tests.BookStoreEndToEndFlow" name="testUpdateBook" time="0.045"/>
  <testcase classname="tests.BookStoreEndToEndFlow" name="testDeleteBook" time="0.034"/>
</testsuite> <!-- tests.BookStoreEndToEndFlow -->
