<?xml version="1.0" encoding="UTF-8"?>
<!-- Generated by org.testng.reporters.JUnitReportReporter -->
<testsuite hostname="DESKTOP-SSUFFAA" failures="0" tests="3" name="tests.TestExamples" time="5.389" errors="0" timestamp="2025-05-30T10:50:40 IST" skipped="0">
  <testcase classname="tests.TestExamples" name="test3_" time="1.423"/>
  <testcase classname="tests.TestExamples" name="test_1" time="0.117"/>
  <testcase classname="tests.TestExamples" name="test2_" time="3.849"/>
</testsuite> <!-- tests.TestExamples -->
